<?xml version="1.0" encoding="UTF-8"?>
<testsuite xmlns:xsi="http://www.w3.org/2001/XMLSchema-instance" xsi:noNamespaceSchemaLocation="https://maven.apache.org/surefire/maven-surefire-plugin/xsd/surefire-test-report-3.0.xsd" version="3.0" name="Clases.CConexionTest" time="2.595" tests="1" errors="0" skipped="0" failures="0">
  <properties>
    <property name="java.specification.version" value="17"/>
    <property name="sun.cpu.isalist" value="amd64"/>
    <property name="sun.jnu.encoding" value="Cp1252"/>
    <property name="java.class.path" value="C:\Users\thens\OneDrive\Escritorio\2024-1\Procesos de SW\Proyecto\SistemaDeGestionDeInventario\SistemaDeGestionDePuerto-main\SistemaDeGestionDePuerto\target\test-classes;C:\Users\thens\OneDrive\Escritorio\2024-1\Procesos de SW\Proyecto\SistemaDeGestionDeInventario\SistemaDeGestionDePuerto-main\SistemaDeGestionDePuerto\target\classes;C:\Users\thens\.m2\repository\com\mysql\mysql-connector-j\8.3.0\mysql-connector-j-8.3.0.jar;C:\Users\thens\.m2\repository\com\google\protobuf\protobuf-java\3.21.1\protobuf-java-3.21.1.jar;C:\Users\thens\.m2\repository\junit\junit\4.13.2\junit-4.13.2.jar;C:\Users\thens\.m2\repository\org\hamcrest\hamcrest-core\1.3\hamcrest-core-1.3.jar;"/>
    <property name="java.vm.vendor" value="Oracle Corporation"/>
    <property name="sun.arch.data.model" value="64"/>
    <property name="user.variant" value=""/>
    <property name="java.vendor.url" value="https://java.oracle.com/"/>
    <property name="user.timezone" value="America/Lima"/>
    <property name="os.name" value="Windows 10"/>
    <property name="java.vm.specification.version" value="17"/>
    <property name="user.country" value="PE"/>
    <property name="sun.java.launcher" value="SUN_STANDARD"/>
    <property name="sun.boot.library.path" value="C:\Program Files\Java\jdk-17\bin"/>
    <property name="sun.java.command" value="C:\Users\thens\AppData\Local\Temp\surefire6204647821221986491\surefirebooter-20240617234158553_3.jar C:\Users\thens\AppData\Local\Temp\surefire6204647821221986491 2024-06-17T23-41-58_342-jvmRun1 surefire-20240617234158553_1tmp surefire_0-20240617234158553_2tmp"/>
    <property name="jdk.debug" value="release"/>
    <property name="test" value="Clases.CConexionTest#testEstableceConexion"/>
    <property name="surefire.test.class.path" value="C:\Users\thens\OneDrive\Escritorio\2024-1\Procesos de SW\Proyecto\SistemaDeGestionDeInventario\SistemaDeGestionDePuerto-main\SistemaDeGestionDePuerto\target\test-classes;C:\Users\thens\OneDrive\Escritorio\2024-1\Procesos de SW\Proyecto\SistemaDeGestionDeInventario\SistemaDeGestionDePuerto-main\SistemaDeGestionDePuerto\target\classes;C:\Users\thens\.m2\repository\com\mysql\mysql-connector-j\8.3.0\mysql-connector-j-8.3.0.jar;C:\Users\thens\.m2\repository\com\google\protobuf\protobuf-java\3.21.1\protobuf-java-3.21.1.jar;C:\Users\thens\.m2\repository\junit\junit\4.13.2\junit-4.13.2.jar;C:\Users\thens\.m2\repository\org\hamcrest\hamcrest-core\1.3\hamcrest-core-1.3.jar;"/>
    <property name="sun.cpu.endian" value="little"/>
    <property name="user.home" value="C:\Users\thens"/>
    <property name="user.language" value="es"/>
    <property name="java.specification.vendor" value="Oracle Corporation"/>
    <property name="java.version.date" value="2023-01-17"/>
    <property name="java.home" value="C:\Program Files\Java\jdk-17"/>
    <property name="file.separator" value="\"/>
    <property name="basedir" value="C:\Users\thens\OneDrive\Escritorio\2024-1\Procesos de SW\Proyecto\SistemaDeGestionDeInventario\SistemaDeGestionDePuerto-main\SistemaDeGestionDePuerto"/>
    <property name="java.vm.compressedOopsMode" value="32-bit"/>
    <property name="line.separator" value="&#10;"/>
    <property name="java.vm.specification.vendor" value="Oracle Corporation"/>
    <property name="java.specification.name" value="Java Platform API Specification"/>
    <property name="surefire.real.class.path" value="C:\Users\thens\AppData\Local\Temp\surefire6204647821221986491\surefirebooter-20240617234158553_3.jar"/>
    <property name="user.script" value=""/>
    <property name="sun.management.compiler" value="HotSpot 64-Bit Tiered Compilers"/>
    <property name="java.runtime.version" value="17.0.6+9-LTS-190"/>
    <property name="user.name" value="thens"/>
    <property name="path.separator" value=";"/>
    <property name="os.version" value="10.0"/>
    <property name="java.runtime.name" value="Java(TM) SE Runtime Environment"/>
    <property name="file.encoding" value="Cp1252"/>
    <property name="java.vm.name" value="Java HotSpot(TM) 64-Bit Server VM"/>
    <property name="maven.ext.class.path" value="E:\Programas2.0\ApacheNetBeans\NetBeans-22\netbeans\java\maven-nblib\netbeans-eventspy.jar"/>
    <property name="localRepository" value="C:\Users\thens\.m2\repository"/>
    <property name="java.vendor.url.bug" value="https://bugreport.java.com/bugreport/"/>
    <property name="java.io.tmpdir" value="C:\Users\thens\AppData\Local\Temp\"/>
    <property name="java.version" value="17.0.6"/>
    <property name="user.dir" value="C:\Users\thens\OneDrive\Escritorio\2024-1\Procesos de SW\Proyecto\SistemaDeGestionDeInventario\SistemaDeGestionDePuerto-main\SistemaDeGestionDePuerto"/>
    <property name="os.arch" value="amd64"/>
    <property name="java.vm.specification.name" value="Java Virtual Machine Specification"/>
    <property name="sun.os.patch.level" value=""/>
    <property name="native.encoding" value="Cp1252"/>
    <property name="java.library.path" value="C:\Program Files\Java\jdk-17\bin;C:\Windows\Sun\Java\bin;C:\Windows\system32;C:\Windows;E:\Programas2.0\Code Blocks\CodeBlocks\MinGW\bin;E:\Programas2.0\jdk_java\jdk-11\bin;E:\Programas2.0\apache-maven-3.9.1\bin;C:\Program Files\Common Files\Oracle\Java\javapath;C:\Program Files (x86)\Common Files\Oracle\Java\java8path;C:\Program Files (x86)\Common Files\Oracle\Java\javapath;C:\Windows\system32;C:\Windows;C:\Windows\System32\Wbem;C:\Windows\System32\WindowsPowerShell\v1.0\;C:\Windows\System32\OpenSSH\;C:\Users\thens\AppData\Local\Microsoft\WindowsApps;C:\Users\thens\AppData\Local\GitHubDesktop\bin;."/>
    <property name="java.vm.info" value="mixed mode, sharing"/>
    <property name="java.vendor" value="Oracle Corporation"/>
    <property name="java.vm.version" value="17.0.6+9-LTS-190"/>
    <property name="sun.io.unicode.encoding" value="UnicodeLittle"/>
    <property name="java.class.version" value="61.0"/>
  </properties>
  <testcase name="testEstableceConexion" classname="Clases.CConexionTest" time="2.516">
    <system-out><![CDATA[Conexión válida
]]></system-out>
  </testcase>
</testsuite>